<?xml version="1.0" encoding="UTF-8"?>
<testng-results skipped="0" failed="0" ignored="0" total="1" passed="1">
  <reporter-output>
  </reporter-output>
  <suite name="Default suite" duration-ms="18701" started-at="2020-02-08T13:33:42 CST" finished-at="2020-02-08T13:34:01 CST">
    <groups>
    </groups>
    <test name="Default test" duration-ms="18701" started-at="2020-02-08T13:33:42 CST" finished-at="2020-02-08T13:34:01 CST">
      <class name="test.Pract2">
        <test-method status="PASS" signature="pract()[pri:0, instance:test.Pract2@6e0e048a]" name="pract" duration-ms="18634" started-at="2020-02-08T13:33:42 CST" finished-at="2020-02-08T13:34:01 CST">
          <reporter-output>
          </reporter-output>
        </test-method> <!-- pract -->
      </class> <!-- test.Pract2 -->
    </test> <!-- Default test -->
  </suite> <!-- Default suite -->
</testng-results>
